
Circuit 1 cell sky130_fd_pr__pfet_01v8 and Circuit 2 cell sky130_fd_pr__pfet_01v8 are black boxes.
Warning: Equate pins:  cell sky130_fd_pr__pfet_01v8 is a placeholder, treated as a black box.
Warning: Equate pins:  cell sky130_fd_pr__pfet_01v8 is a placeholder, treated as a black box.

Subcircuit pins:
Circuit 1: sky130_fd_pr__pfet_01v8         |Circuit 2: sky130_fd_pr__pfet_01v8         
-------------------------------------------|-------------------------------------------
1                                          |1                                          
2                                          |2                                          
3                                          |3                                          
4                                          |4                                          
---------------------------------------------------------------------------------------
Cell pin lists are equivalent.
Device classes sky130_fd_pr__pfet_01v8 and sky130_fd_pr__pfet_01v8 are equivalent.

Circuit 1 cell sky130_fd_pr__nfet_01v8 and Circuit 2 cell sky130_fd_pr__nfet_01v8 are black boxes.
Warning: Equate pins:  cell sky130_fd_pr__nfet_01v8 is a placeholder, treated as a black box.
Warning: Equate pins:  cell sky130_fd_pr__nfet_01v8 is a placeholder, treated as a black box.

Subcircuit pins:
Circuit 1: sky130_fd_pr__nfet_01v8         |Circuit 2: sky130_fd_pr__nfet_01v8         
-------------------------------------------|-------------------------------------------
1                                          |1                                          
2                                          |2                                          
3                                          |3                                          
4                                          |4                                          
---------------------------------------------------------------------------------------
Cell pin lists are equivalent.
Device classes sky130_fd_pr__nfet_01v8 and sky130_fd_pr__nfet_01v8 are equivalent.
Flattening unmatched subcell NOR2 in circuit OR2 (1)(1 instance)
Flattening unmatched subcell inverter in circuit OR2 (1)(1 instance)

Subcircuit summary:
Circuit 1: OR2                             |Circuit 2: OR2                             
-------------------------------------------|-------------------------------------------
sky130_fd_pr__pfet_01v8 (3)                |sky130_fd_pr__pfet_01v8 (3)                
sky130_fd_pr__nfet_01v8 (3)                |sky130_fd_pr__nfet_01v8 (3)                
Number of devices: 6                       |Number of devices: 6                       
Number of nets: 7                          |Number of nets: 7                          
---------------------------------------------------------------------------------------
Netlists match uniquely.

Subcircuit pins:
Circuit 1: OR2                             |Circuit 2: OR2                             
-------------------------------------------|-------------------------------------------
VN                                         |VN                                         
VP                                         |VP                                         
A                                          |A                                          
B                                          |B                                          
Y                                          |Y                                          
---------------------------------------------------------------------------------------
Cell pin lists are equivalent.
Device classes OR2 and OR2 are equivalent.
Flattening unmatched subcell inverter in circuit AND2 (1)(1 instance)

Subcircuit summary:
Circuit 1: AND2                            |Circuit 2: AND2                            
-------------------------------------------|-------------------------------------------
sky130_fd_pr__nfet_01v8 (3)                |sky130_fd_pr__nfet_01v8 (3)                
sky130_fd_pr__pfet_01v8 (3)                |sky130_fd_pr__pfet_01v8 (3)                
Number of devices: 6                       |Number of devices: 6                       
Number of nets: 7                          |Number of nets: 7                          
---------------------------------------------------------------------------------------
Netlists match uniquely.

Subcircuit pins:
Circuit 1: AND2                            |Circuit 2: AND2                            
-------------------------------------------|-------------------------------------------
VDD                                        |VDD                                        
GND                                        |GND                                        
A                                          |A                                          
B                                          |B                                          
Y                                          |Y                                          
---------------------------------------------------------------------------------------
Cell pin lists are equivalent.
Device classes AND2 and AND2 are equivalent.
Flattening unmatched subcell inverter in circuit DFFS (1)(5 instances)
Flattening unmatched subcell TGATE in circuit DFFS (1)(2 instances)
Flattening unmatched subcell NAND2 in circuit DFFS (1)(1 instance)
Flattening unmatched subcell tristate_inv in circuit DFFS (1)(1 instance)
Flattening unmatched subcell tristate_NAND2 in circuit DFFS (1)(1 instance)

Subcircuit summary:
Circuit 1: DFFS                            |Circuit 2: DFFS                            
-------------------------------------------|-------------------------------------------
sky130_fd_pr__pfet_01v8 (14)               |sky130_fd_pr__pfet_01v8 (14)               
sky130_fd_pr__nfet_01v8 (14)               |sky130_fd_pr__nfet_01v8 (14)               
Number of devices: 28                      |Number of devices: 28                      
Number of nets: 20                         |Number of nets: 20                         
---------------------------------------------------------------------------------------
Netlists match uniquely.

Subcircuit pins:
Circuit 1: DFFS                            |Circuit 2: DFFS                            
-------------------------------------------|-------------------------------------------
D                                          |D                                          
Q                                          |Q                                          
VN                                         |VN                                         
VP                                         |VP                                         
PHIB                                       |PHIB                                       
SET_N                                      |SET_N                                      
PHIA                                       |PHIA                                       
---------------------------------------------------------------------------------------
Cell pin lists are equivalent.
Device classes DFFS and DFFS are equivalent.
Flattening unmatched subcell x2_1_MUX in circuit SAR (0)(3 instances)
Flattening unmatched subcell DFFR in circuit SAR (0)(8 instances)
Flattening unmatched subcell DFFRR in circuit SAR (0)(2 instances)
Flattening unmatched subcell DFFRN in circuit SAR (1)(8 instances)
Flattening unmatched subcell inverter in circuit SAR (1)(40 instances)
Flattening unmatched subcell TGATE in circuit SAR (1)(16 instances)
Flattening unmatched subcell tristate_inv in circuit SAR (1)(8 instances)
Flattening unmatched subcell tristate_NAND2 in circuit SAR (1)(8 instances)
Flattening unmatched subcell NAND2 in circuit SAR (1)(8 instances)
Flattening unmatched subcell DFFRNRS in circuit SAR (1)(2 instances)
Flattening unmatched subcell TGATE in circuit SAR (1)(4 instances)
Flattening unmatched subcell inverter in circuit SAR (1)(10 instances)
Flattening unmatched subcell tristate_inv in circuit SAR (1)(2 instances)
Flattening unmatched subcell tristate_NAND2 in circuit SAR (1)(2 instances)
Flattening unmatched subcell NAND2 in circuit SAR (1)(4 instances)
Flattening unmatched subcell MUX_2_1 in circuit SAR (1)(3 instances)
Flattening unmatched subcell TGATE in circuit SAR (1)(6 instances)
Flattening unmatched subcell inverter in circuit SAR (1)(3 instances)

Subcircuit summary:
Circuit 1: SAR                             |Circuit 2: SAR                             
-------------------------------------------|-------------------------------------------
OR2 (3)                                    |OR2 (3)                                    
sky130_fd_pr__nfet_01v8 (153)              |sky130_fd_pr__nfet_01v8 (153)              
sky130_fd_pr__pfet_01v8 (153)              |sky130_fd_pr__pfet_01v8 (153)              
AND2 (3)                                   |AND2 (3)                                   
DFFS (1)                                   |DFFS (1)                                   
Number of devices: 313                     |Number of devices: 313                     
Number of nets: 163                        |Number of nets: 163                        
---------------------------------------------------------------------------------------
Netlists match uniquely.

Subcircuit pins:
Circuit 1: SAR                             |Circuit 2: SAR                             
-------------------------------------------|-------------------------------------------
ADC_OUT_B3                                 |ADC_OUT_B3                                 
ADC_OUT_B2                                 |ADC_OUT_B2                                 
ADC_OUT_B1                                 |ADC_OUT_B1                                 
ADC_OUT_B0                                 |ADC_OUT_B0                                 
DAC_B0                                     |DAC_B0                                     
RST_N                                      |RST_N                                      
PHIA                                       |PHIA                                       
PHIB                                       |PHIB                                       
VN                                         |VN                                         
VP                                         |VP                                         
DAC_B1                                     |DAC_B1                                     
DAC_B2                                     |DAC_B2                                     
DAC_B3                                     |DAC_B3                                     
COMP                                       |COMP                                       
---------------------------------------------------------------------------------------
Cell pin lists are equivalent.
Device classes SAR and SAR are equivalent.

Final result: Circuits match uniquely.
.
