
Circuit 1 cell sky130_fd_pr__pfet_g5v0d10v5 and Circuit 2 cell sky130_fd_pr__pfet_g5v0d10v5 are black boxes.
Warning: Equate pins:  cell sky130_fd_pr__pfet_g5v0d10v5 is a placeholder, treated as a black box.
Warning: Equate pins:  cell sky130_fd_pr__pfet_g5v0d10v5 is a placeholder, treated as a black box.

Subcircuit pins:
Circuit 1: sky130_fd_pr__pfet_g5v0d10v5    |Circuit 2: sky130_fd_pr__pfet_g5v0d10v5    
-------------------------------------------|-------------------------------------------
1                                          |1                                          
2                                          |2                                          
3                                          |3                                          
4                                          |4                                          
---------------------------------------------------------------------------------------
Cell pin lists are equivalent.
Device classes sky130_fd_pr__pfet_g5v0d10v5 and sky130_fd_pr__pfet_g5v0d10v5 are equivalent.

Circuit 1 cell sky130_fd_pr__nfet_g5v0d10v5 and Circuit 2 cell sky130_fd_pr__nfet_g5v0d10v5 are black boxes.
Warning: Equate pins:  cell sky130_fd_pr__nfet_g5v0d10v5 is a placeholder, treated as a black box.
Warning: Equate pins:  cell sky130_fd_pr__nfet_g5v0d10v5 is a placeholder, treated as a black box.

Subcircuit pins:
Circuit 1: sky130_fd_pr__nfet_g5v0d10v5    |Circuit 2: sky130_fd_pr__nfet_g5v0d10v5    
-------------------------------------------|-------------------------------------------
1                                          |1                                          
2                                          |2                                          
3                                          |3                                          
4                                          |4                                          
---------------------------------------------------------------------------------------
Cell pin lists are equivalent.
Device classes sky130_fd_pr__nfet_g5v0d10v5 and sky130_fd_pr__nfet_g5v0d10v5 are equivalent.

Circuit 1 cell sky130_fd_pr__cap_mim_m3_1 and Circuit 2 cell sky130_fd_pr__cap_mim_m3_1 are black boxes.
Warning: Equate pins:  cell sky130_fd_pr__cap_mim_m3_1 is a placeholder, treated as a black box.
Warning: Equate pins:  cell sky130_fd_pr__cap_mim_m3_1 is a placeholder, treated as a black box.

Subcircuit pins:
Circuit 1: sky130_fd_pr__cap_mim_m3_1      |Circuit 2: sky130_fd_pr__cap_mim_m3_1      
-------------------------------------------|-------------------------------------------
1                                          |1                                          
2                                          |2                                          
---------------------------------------------------------------------------------------
Cell pin lists are equivalent.
Device classes sky130_fd_pr__cap_mim_m3_1 and sky130_fd_pr__cap_mim_m3_1 are equivalent.
Flattening unmatched subcell T_gate in circuit SPDT (0)(2 instances)
Flattening unmatched subcell Tgate in circuit SPDT (1)(2 instances)
Flattening unmatched subcell x5v_pfet_1_10 in circuit SPDT (1)(2 instances)
Flattening unmatched subcell x5v_nfet_1_10 in circuit SPDT (1)(2 instances)

Subcircuit summary:
Circuit 1: SPDT                            |Circuit 2: SPDT                            
-------------------------------------------|-------------------------------------------
sky130_fd_pr__nfet_g5v0d10v5 (2)           |sky130_fd_pr__nfet_g5v0d10v5 (2)           
sky130_fd_pr__pfet_g5v0d10v5 (2)           |sky130_fd_pr__pfet_g5v0d10v5 (2)           
Number of devices: 4                       |Number of devices: 4                       
Number of nets: 7                          |Number of nets: 7                          
---------------------------------------------------------------------------------------
Resolving symmetries by property value.
Resolving symmetries by pin name.
Netlists match uniquely.

Subcircuit pins:
Circuit 1: SPDT                            |Circuit 2: SPDT                            
-------------------------------------------|-------------------------------------------
out                                        |out                                        
vdd                                        |VDD                                        
vss                                        |VSS                                        
cbar                                       |Cbar                                       
c                                          |C                                          
in2                                        |in2                                        
in1                                        |in1                                        
---------------------------------------------------------------------------------------
Cell pin lists are equivalent.
Device classes SPDT and SPDT are equivalent.
Flattening unmatched subcell T_gate in circuit CDAC_4bit_VCM_simplified (0)(1 instance)
Flattening unmatched subcell cap_m3_10_5 in circuit CDAC (1)(1 instance)
Flattening unmatched subcell cap_m3_20_10 in circuit CDAC (1)(1 instance)
Flattening unmatched subcell cap_m3_10_10 in circuit CDAC (1)(1 instance)
Flattening unmatched subcell Tgate in circuit CDAC (1)(1 instance)
Flattening unmatched subcell x5v_pfet_1_10 in circuit CDAC (1)(1 instance)
Flattening unmatched subcell x5v_nfet_1_10 in circuit CDAC (1)(1 instance)
Flattening unmatched subcell cap_m3_5_5 in circuit CDAC (1)(2 instances)

Subcircuit summary:
Circuit 1: CDAC_4bit_VCM_simplified        |Circuit 2: CDAC                            
-------------------------------------------|-------------------------------------------
sky130_fd_pr__cap_mim_m3_1 (5)             |sky130_fd_pr__cap_mim_m3_1 (5)             
sky130_fd_pr__nfet_g5v0d10v5 (1)           |sky130_fd_pr__nfet_g5v0d10v5 (1)           
sky130_fd_pr__pfet_g5v0d10v5 (1)           |sky130_fd_pr__pfet_g5v0d10v5 (1)           
SPDT (5)                                   |SPDT (5)                                   
Number of devices: 12                      |Number of devices: 12                      
Number of nets: 16                         |Number of nets: 16                         
---------------------------------------------------------------------------------------
Resolving symmetries by property value.
Netlists match uniquely.

Subcircuit pins:
Circuit 1: CDAC_4bit_VCM_simplified        |Circuit 2: CDAC                            
-------------------------------------------|-------------------------------------------
Vin                                        |Vin                                        
b0                                         |b0                                         
b3                                         |b3                                         
b2                                         |b2                                         
b1                                         |b1                                         
clkbar                                     |clkbar                                     
VDD                                        |VDD                                        
clk                                        |clk                                        
VSS                                        |VSS                                        
Vout                                       |Vout                                       
vcm                                        |Vcm                                        
---------------------------------------------------------------------------------------
Cell pin lists are equivalent.
Device classes CDAC_4bit_VCM_simplified and CDAC are equivalent.

Final result: Circuits match uniquely.
.
